thanhNienNews/build/outputs/logs/manifest-merger-debug-report.txt
-- Merging decision tree log ---
manifest
ADDED from AndroidManifest.xml:2:1
	xmlns:amazon
		ADDED from AndroidManifest.xml:2:11
	xmlns:android
		ADDED from AndroidManifest.xml:3:5
	package
		ADDED from AndroidManifest.xml:4:5
		INJECTED from AndroidManifest.xml:0:0
		INJECTED from AndroidManifest.xml:0:0
	android:versionName
		ADDED from AndroidManifest.xml:7:5
	android:versionCode
		ADDED from AndroidManifest.xml:6:5
		INJECTED from AndroidManifest.xml:0:0
		INJECTED from AndroidManifest.xml:0:0
	android:installLocation
		ADDED from AndroidManifest.xml:5:5
uses-sdk
ADDED from AndroidManifest.xml:9:5
MERGED from com.android.support:appcompat-v7:21.0.3:15:5
MERGED from com.android.support:support-v4:22.0.0:20:5
MERGED from ThanhNiewNewsXuan-AS:thanhNienNewslib_pulltorefresh:unspecified:7:5
MERGED from ThanhNiewNewsXuan-AS:thanhNienNewslib_FaceBook:unspecified:20:5
MERGED from com.android.support:support-v4:22.0.0:20:5
MERGED from ThanhNiewNewsXuan-AS:knxariseandroid:unspecified:8:5
MERGED from com.android.support:support-v4:22.0.0:20:5
MERGED from com.android.support:support-v4:22.0.0:20:5
MERGED from com.google.android.gms:play-services:4.3.23:7:5
MERGED from com.android.support:support-v4:22.0.0:20:5
	android:targetSdkVersion
		ADDED from AndroidManifest.xml:11:9
		INJECTED from AndroidManifest.xml:0:0
		INJECTED from AndroidManifest.xml:0:0
	android:minSdkVersion
		ADDED from AndroidManifest.xml:10:9
		INJECTED from AndroidManifest.xml:0:0
		INJECTED from AndroidManifest.xml:0:0
permission#com.gkim.android.thanhniennews.permission.C2D_MESSAGE
ADDED from AndroidManifest.xml:13:5
	android:protectionLevel
		ADDED from AndroidManifest.xml:15:9
	android:name
		ADDED from AndroidManifest.xml:14:9
uses-permission#com.gkim.android.thanhniennews.permission.C2D_MESSAGE
ADDED from AndroidManifest.xml:17:5
	android:name
		ADDED from AndroidManifest.xml:17:22
uses-permission#com.google.android.c2dm.permission.RECEIVE
ADDED from AndroidManifest.xml:18:5
	android:name
		ADDED from AndroidManifest.xml:18:22
uses-permission#android.permission.INTERNET
ADDED from AndroidManifest.xml:19:5
	android:name
		ADDED from AndroidManifest.xml:19:22
uses-permission#android.permission.ACCESS_FINE_LOCATION
ADDED from AndroidManifest.xml:20:5
	android:name
		ADDED from AndroidManifest.xml:20:22
uses-permission#android.permission.ACCESS_NETWORK_STATE
ADDED from AndroidManifest.xml:21:5
	android:name
		ADDED from AndroidManifest.xml:21:22
uses-permission#android.permission.WAKE_LOCK
ADDED from AndroidManifest.xml:22:5
	android:name
		ADDED from AndroidManifest.xml:22:22
uses-permission#android.permission.RECEIVE_BOOT_COMPLETED
ADDED from AndroidManifest.xml:23:5
	android:name
		ADDED from AndroidManifest.xml:23:22
uses-permission#android.permission.READ_EXTERNAL_STORAGE
ADDED from AndroidManifest.xml:24:5
	android:name
		ADDED from AndroidManifest.xml:24:22
uses-permission#android.permission.READ_PHONE_STATE
ADDED from AndroidManifest.xml:25:5
	android:name
		ADDED from AndroidManifest.xml:25:22
uses-permission#android.permission.VIBRATE
ADDED from AndroidManifest.xml:26:5
	android:name
		ADDED from AndroidManifest.xml:26:22
uses-permission#android.permission.WRITE_EXTERNAL_STORAGE
ADDED from AndroidManifest.xml:27:5
	android:name
		ADDED from AndroidManifest.xml:27:22
uses-permission#android.permission.CAMERA
ADDED from AndroidManifest.xml:28:5
	android:name
		ADDED from AndroidManifest.xml:28:22
uses-permission#com.android.launcher.permission.INSTALL_SHORTCUT
ADDED from AndroidManifest.xml:29:5
	android:name
		ADDED from AndroidManifest.xml:29:22
uses-permission#com.android.launcher.permission.UNINSTALL_SHORTCUT
ADDED from AndroidManifest.xml:30:5
	android:name
		ADDED from AndroidManifest.xml:30:22
permission-group#android.permission-group.SYSTEM_TOOLS
ADDED from AndroidManifest.xml:32:5
	android:name
		ADDED from AndroidManifest.xml:32:23
permission-group#android.permission-group.SYNC_SETTINGS
ADDED from AndroidManifest.xml:33:5
	android:name
		ADDED from AndroidManifest.xml:33:23
uses-feature#android.hardware.camera
ADDED from AndroidManifest.xml:35:5
	android:required
		ADDED from AndroidManifest.xml:37:9
	android:name
		ADDED from AndroidManifest.xml:36:9
uses-feature#android.hardware.camera.autofocus
ADDED from AndroidManifest.xml:38:5
	android:required
		ADDED from AndroidManifest.xml:40:9
	android:name
		ADDED from AndroidManifest.xml:39:9
uses-feature#android.hardware.location
ADDED from AndroidManifest.xml:41:5
	android:required
		ADDED from AndroidManifest.xml:43:9
	android:name
		ADDED from AndroidManifest.xml:42:9
uses-feature#android.hardware.location.gps
ADDED from AndroidManifest.xml:44:5
	android:required
		ADDED from AndroidManifest.xml:46:9
	android:name
		ADDED from AndroidManifest.xml:45:9
supports-screens
ADDED from AndroidManifest.xml:48:5
	android:largeScreens
		ADDED from AndroidManifest.xml:50:9
	android:anyDensity
		ADDED from AndroidManifest.xml:49:9
	android:normalScreens
		ADDED from AndroidManifest.xml:51:9
	android:xlargeScreens
		ADDED from AndroidManifest.xml:53:9
	android:smallScreens
		ADDED from AndroidManifest.xml:52:9
application
ADDED from AndroidManifest.xml:55:5
MERGED from com.android.support:appcompat-v7:21.0.3:16:5
MERGED from com.android.support:support-v4:22.0.0:22:5
MERGED from ThanhNiewNewsXuan-AS:thanhNienNewslib_pulltorefresh:unspecified:11:5
MERGED from ThanhNiewNewsXuan-AS:thanhNienNewslib_FaceBook:unspecified:24:5
MERGED from com.android.support:support-v4:22.0.0:22:5
MERGED from com.android.support:support-v4:22.0.0:22:5
MERGED from com.android.support:support-v4:22.0.0:22:5
MERGED from com.android.support:support-v4:22.0.0:22:5
	android:label
		ADDED from AndroidManifest.xml:58:9
	android:icon
		ADDED from AndroidManifest.xml:57:9
	android:theme
		ADDED from AndroidManifest.xml:59:9
	android:name
		ADDED from AndroidManifest.xml:56:9
activity#com.gkxim.android.thanhniennews.SplashActivity
ADDED from AndroidManifest.xml:60:9
	android:noHistory
		ADDED from AndroidManifest.xml:62:13
	android:label
		ADDED from AndroidManifest.xml:63:13
	android:name
		ADDED from AndroidManifest.xml:61:13
intent-filter#android.intent.action.MAIN+android.intent.category.LAUNCHER
ADDED from AndroidManifest.xml:64:13
action#android.intent.action.MAIN
ADDED from AndroidManifest.xml:65:17
	android:name
		ADDED from AndroidManifest.xml:65:25
category#android.intent.category.LAUNCHER
ADDED from AndroidManifest.xml:67:17
	android:name
		ADDED from AndroidManifest.xml:67:27
intent-filter#android.intent.action.VIEW+android.intent.category.BROWSABLE+android.intent.category.DEFAULT
ADDED from AndroidManifest.xml:69:13
	android:label
		ADDED from AndroidManifest.xml:69:28
action#android.intent.action.VIEW
ADDED from AndroidManifest.xml:70:17
	android:name
		ADDED from AndroidManifest.xml:70:25
data
ADDED from AndroidManifest.xml:72:17
	android:host
		ADDED from AndroidManifest.xml:73:21
	android:scheme
		ADDED from AndroidManifest.xml:74:21
category#android.intent.category.DEFAULT
ADDED from AndroidManifest.xml:76:17
	android:name
		ADDED from AndroidManifest.xml:76:27
category#android.intent.category.BROWSABLE
ADDED from AndroidManifest.xml:77:17
	android:name
		ADDED from AndroidManifest.xml:77:27
activity#com.gkxim.android.thanhniennews.SectionActivity
ADDED from AndroidManifest.xml:80:9
	android:label
		ADDED from AndroidManifest.xml:82:13
	android:name
		ADDED from AndroidManifest.xml:81:13
meta-data#android.support.PARENT_ACTIVITY
ADDED from AndroidManifest.xml:83:13
	android:name
		ADDED from AndroidManifest.xml:84:17
	android:value
		ADDED from AndroidManifest.xml:85:17
activity#com.gkxim.android.thanhniennews.UserNewStoryActivity
ADDED from AndroidManifest.xml:87:9
	android:windowSoftInputMode
		ADDED from AndroidManifest.xml:90:13
	android:configChanges
		ADDED from AndroidManifest.xml:89:13
	android:name
		ADDED from AndroidManifest.xml:88:13
intent-filter#android.intent.action.SEND+android.intent.category.DEFAULT
ADDED from AndroidManifest.xml:91:13
action#android.intent.action.SEND
ADDED from AndroidManifest.xml:92:17
	android:name
		ADDED from AndroidManifest.xml:92:25
activity#com.gkxim.android.thanhniennews.UserNewVideoActivity
ADDED from AndroidManifest.xml:99:9
	android:windowSoftInputMode
		ADDED from AndroidManifest.xml:102:13
	android:configChanges
		ADDED from AndroidManifest.xml:101:13
	android:name
		ADDED from AndroidManifest.xml:100:13
activity#com.gkxim.android.thanhniennews.layout.EggingListSectionColor
ADDED from AndroidManifest.xml:109:9
	android:screenOrientation
		ADDED from AndroidManifest.xml:111:13
	android:name
		ADDED from AndroidManifest.xml:110:13
activity#com.gkxim.android.thanhniennews.StoryDetailSpliterActivity
ADDED from AndroidManifest.xml:113:9
	android:screenOrientation
		ADDED from AndroidManifest.xml:116:13
	android:parentActivityName
		ADDED from AndroidManifest.xml:115:13
	android:name
		ADDED from AndroidManifest.xml:114:13
intent-filter#android.intent.category.DEFAULT+com.gkxim.android.thanhniennews.ACTION_VIEW_STORY
ADDED from AndroidManifest.xml:117:13
action#com.gkxim.android.thanhniennews.ACTION_VIEW_STORY
ADDED from AndroidManifest.xml:120:17
	android:name
		ADDED from AndroidManifest.xml:120:25
activity#com.gkxim.android.thanhniennews.StoryDetailActivity
ADDED from AndroidManifest.xml:123:9
	android:allowTaskReparenting
		ADDED from AndroidManifest.xml:125:13
	android:taskAffinity
		ADDED from AndroidManifest.xml:127:13
	android:parentActivityName
		ADDED from AndroidManifest.xml:126:13
	android:name
		ADDED from AndroidManifest.xml:124:13
activity#com.gkxim.android.thanhniennews.EventFullWebViewActivity
ADDED from AndroidManifest.xml:132:9
	android:parentActivityName
		ADDED from AndroidManifest.xml:134:13
	android:name
		ADDED from AndroidManifest.xml:133:13
activity#com.gkxim.android.thanhniennews.EventFullWebViewWorldCupActivity
ADDED from AndroidManifest.xml:135:9
	android:configChanges
		ADDED from AndroidManifest.xml:137:13
	android:parentActivityName
		ADDED from AndroidManifest.xml:138:13
	android:name
		ADDED from AndroidManifest.xml:136:13
activity#com.gkxim.android.thanhniennews.StoryDetailFragmentActivity
ADDED from AndroidManifest.xml:139:9
	android:parentActivityName
		ADDED from AndroidManifest.xml:141:13
	android:name
		ADDED from AndroidManifest.xml:140:13
activity#com.gkxim.android.thanhniennews.VideoStoryDetailFragmentActivity
ADDED from AndroidManifest.xml:142:9
	android:parentActivityName
		ADDED from AndroidManifest.xml:144:13
	android:name
		ADDED from AndroidManifest.xml:143:13
activity#com.gkxim.android.thanhniennews.spring.StoryDetailSpringFragmentActivity
ADDED from AndroidManifest.xml:145:9
	android:parentActivityName
		ADDED from AndroidManifest.xml:147:13
	android:name
		ADDED from AndroidManifest.xml:146:13
activity#com.gkxim.android.thanhniennews.spring.StoryDetailGalleryActivity
ADDED from AndroidManifest.xml:148:9
	android:parentActivityName
		ADDED from AndroidManifest.xml:150:13
	android:name
		ADDED from AndroidManifest.xml:149:13
activity#com.gkxim.android.thanhniennews.spring.StoryDetailImageSpringReviewActivity
ADDED from AndroidManifest.xml:151:9
	android:parentActivityName
		ADDED from AndroidManifest.xml:153:13
	android:name
		ADDED from AndroidManifest.xml:152:13
activity#com.gkxim.android.thanhniennews.StoryDetailImageReviewActivity
ADDED from AndroidManifest.xml:154:9
	android:parentActivityName
		ADDED from AndroidManifest.xml:156:13
	android:name
		ADDED from AndroidManifest.xml:155:13
activity#com.gkxim.android.thanhniennews.StoryDetailVideoPlayActivity
ADDED from AndroidManifest.xml:157:9
	android:configChanges
		ADDED from AndroidManifest.xml:159:13
	android:parentActivityName
		ADDED from AndroidManifest.xml:160:13
	android:name
		ADDED from AndroidManifest.xml:158:13
activity#com.gkxim.android.thanhniennews.StoryDetailCommentActivity
ADDED from AndroidManifest.xml:161:9
	android:label
		ADDED from AndroidManifest.xml:163:13
	android:parentActivityName
		ADDED from AndroidManifest.xml:164:13
	android:name
		ADDED from AndroidManifest.xml:162:13
activity#com.gkxim.android.thanhniennews.VideoSectionActivity
ADDED from AndroidManifest.xml:169:9
	android:label
		ADDED from AndroidManifest.xml:171:13
	android:parentActivityName
		ADDED from AndroidManifest.xml:173:13
	android:name
		ADDED from AndroidManifest.xml:170:13
	android:launchMode
		ADDED from AndroidManifest.xml:172:13
meta-data#com.google.android.gms.version
ADDED from AndroidManifest.xml:183:9
	android:name
		ADDED from AndroidManifest.xml:184:13
	android:value
		ADDED from AndroidManifest.xml:185:13
activity#com.google.android.gms.ads.AdActivity
ADDED from AndroidManifest.xml:187:9
	android:configChanges
		ADDED from AndroidManifest.xml:189:13
	android:name
		ADDED from AndroidManifest.xml:188:13
provider#com.xtify.sdk.db.Provider
ADDED from AndroidManifest.xml:191:9
	android:exported
		ADDED from AndroidManifest.xml:194:13
	android:authorities
		ADDED from AndroidManifest.xml:193:13
	android:name
		ADDED from AndroidManifest.xml:192:13
receiver#com.xtify.sdk.c2dm.C2DMBroadcastReceiver
ADDED from AndroidManifest.xml:196:9
	android:permission
		ADDED from AndroidManifest.xml:198:13
	android:name
		ADDED from AndroidManifest.xml:197:13
intent-filter#com.gkim.android.thanhniennews+com.google.android.c2dm.intent.RECEIVE
ADDED from AndroidManifest.xml:199:13
	android:permission
		ADDED from AndroidManifest.xml:199:28
action#com.google.android.c2dm.intent.RECEIVE
ADDED from AndroidManifest.xml:200:17
	android:name
		ADDED from AndroidManifest.xml:200:25
category#com.gkim.android.thanhniennews
ADDED from AndroidManifest.xml:202:17
	android:name
		ADDED from AndroidManifest.xml:202:27
intent-filter#com.gkim.android.thanhniennews+com.google.android.c2dm.intent.REGISTRATION
ADDED from AndroidManifest.xml:204:13
	android:permission
		ADDED from AndroidManifest.xml:204:28
action#com.google.android.c2dm.intent.REGISTRATION
ADDED from AndroidManifest.xml:205:17
	android:name
		ADDED from AndroidManifest.xml:205:25
receiver#com.xtify.sdk.NotifActionReceiver
ADDED from AndroidManifest.xml:211:9
	android:name
		ADDED from AndroidManifest.xml:211:19
receiver#com.xtify.sdk.wi.AlarmReceiver
ADDED from AndroidManifest.xml:212:9
	android:name
		ADDED from AndroidManifest.xml:212:19
intent-filter#android.intent.action.BOOT_COMPLETED
ADDED from AndroidManifest.xml:213:13
action#android.intent.action.BOOT_COMPLETED
ADDED from AndroidManifest.xml:214:17
	android:name
		ADDED from AndroidManifest.xml:214:25
service#com.xtify.sdk.location.LocationUpdateService
ADDED from AndroidManifest.xml:218:9
	android:name
		ADDED from AndroidManifest.xml:218:18
service#com.xtify.sdk.c2dm.C2DMIntentService
ADDED from AndroidManifest.xml:219:9
	android:name
		ADDED from AndroidManifest.xml:219:18
service#com.xtify.sdk.alarm.MetricsIntentService
ADDED from AndroidManifest.xml:220:9
	android:name
		ADDED from AndroidManifest.xml:220:18
service#com.xtify.sdk.alarm.TagIntentService
ADDED from AndroidManifest.xml:221:9
	android:name
		ADDED from AndroidManifest.xml:221:18
service#com.xtify.sdk.alarm.RegistrationIntentService
ADDED from AndroidManifest.xml:222:9
	android:name
		ADDED from AndroidManifest.xml:222:18
service#com.xtify.sdk.alarm.LocationIntentService
ADDED from AndroidManifest.xml:223:9
	android:name
		ADDED from AndroidManifest.xml:223:18
amazon:enable-feature
ADDED from AndroidManifest.xml:230:9
	android:required
		ADDED from AndroidManifest.xml:232:13
	android:name
		ADDED from AndroidManifest.xml:231:13
service#com.xtify.sdk.adm.ADMMessageHandler
ADDED from AndroidManifest.xml:234:9
	android:exported
		ADDED from AndroidManifest.xml:236:13
	android:name
		ADDED from AndroidManifest.xml:235:13
receiver#com.xtify.sdk.adm.ADMMessageHandler$MessageAlertReceiver
ADDED from AndroidManifest.xml:238:9
	android:permission
		ADDED from AndroidManifest.xml:240:13
	android:name
		ADDED from AndroidManifest.xml:239:13
intent-filter#com.amazon.device.messaging.intent.RECEIVE+com.amazon.device.messaging.intent.REGISTRATION+com.gkim.android.thanhniennews
ADDED from AndroidManifest.xml:243:13
action#com.amazon.device.messaging.intent.REGISTRATION
ADDED from AndroidManifest.xml:244:17
	android:name
		ADDED from AndroidManifest.xml:244:25
action#com.amazon.device.messaging.intent.RECEIVE
ADDED from AndroidManifest.xml:245:17
	android:name
		ADDED from AndroidManifest.xml:245:25
activity#com.facebook.LoginActivity
ADDED from AndroidManifest.xml:256:9
	android:theme
		ADDED from AndroidManifest.xml:258:13
	android:name
		ADDED from AndroidManifest.xml:257:13
meta-data#com.facebook.sdk.ApplicationId
ADDED from AndroidManifest.xml:260:9
	android:name
		ADDED from AndroidManifest.xml:261:13
	android:value
		ADDED from AndroidManifest.xml:262:13
activity#com.knx.framework.main.CameraActivity
ADDED from AndroidManifest.xml:265:9
	android:screenOrientation
		ADDED from AndroidManifest.xml:267:13
	android:name
		ADDED from AndroidManifest.xml:266:13
activity#com.knx.framework.main.setting.SettingPage
ADDED from AndroidManifest.xml:269:9
	android:screenOrientation
		ADDED from AndroidManifest.xml:271:13
	android:name
		ADDED from AndroidManifest.xml:270:13
activity#com.knx.framework.main.history.HistoryPage
ADDED from AndroidManifest.xml:279:9
	android:screenOrientation
		ADDED from AndroidManifest.xml:281:13
	android:name
		ADDED from AndroidManifest.xml:280:13
activity#com.knx.framework.main.history.HistoryStaticLayer
ADDED from AndroidManifest.xml:283:9
	android:screenOrientation
		ADDED from AndroidManifest.xml:285:13
	android:name
		ADDED from AndroidManifest.xml:284:13
activity#com.knx.framework.main.WebActivity
ADDED from AndroidManifest.xml:287:9
	android:configChanges
		ADDED from AndroidManifest.xml:289:13
	android:name
		ADDED from AndroidManifest.xml:288:13
activity#com.knx.framework.videoplayer.MP4VideoPlayer
ADDED from AndroidManifest.xml:291:9
	android:screenOrientation
		ADDED from AndroidManifest.xml:294:13
	android:configChanges
		ADDED from AndroidManifest.xml:293:13
	android:name
		ADDED from AndroidManifest.xml:292:13
activity#com.knx.framework.videoplayer.YouTubeVideoPlayer
ADDED from AndroidManifest.xml:296:9
	android:screenOrientation
		ADDED from AndroidManifest.xml:299:13
	android:configChanges
		ADDED from AndroidManifest.xml:298:13
	android:name
		ADDED from AndroidManifest.xml:297:13
activity#com.knx.framework.videoplayer.YouTubeFailureRecoveryActivity
ADDED from AndroidManifest.xml:301:9
	android:screenOrientation
		ADDED from AndroidManifest.xml:304:13
	android:configChanges
		ADDED from AndroidManifest.xml:303:13
	android:name
		ADDED from AndroidManifest.xml:302:13
activity#com.knx.framework.main.pdfreader.ARisePdfReaderActivity
ADDED from AndroidManifest.xml:306:9
	android:screenOrientation
		ADDED from AndroidManifest.xml:309:13
	android:configChanges
		ADDED from AndroidManifest.xml:308:13
	android:theme
		ADDED from AndroidManifest.xml:310:13
	android:name
		ADDED from AndroidManifest.xml:307:13
service#com.gkxim.android.thanhniennews.service.CatchLowMemoryService
ADDED from AndroidManifest.xml:313:9
	android:name
		ADDED from AndroidManifest.xml:314:13